{"C:\\DevRepo\\library-manager\\src\\models\\users.js": {"path":"C:\\DevRepo\\library-manager\\src\\models\\users.js","statementMap":{"0":{"start":{"line":1,"column":14},"end":{"line":14,"column":1}},"1":{"start":{"line":15,"column":0},"end":{"line":38,"column":2}},"2":{"start":{"line":17,"column":4},"end":{"line":17,"column":17}},"3":{"start":{"line":20,"column":4},"end":{"line":20,"column":48}},"4":{"start":{"line":20,"column":32},"end":{"line":20,"column":46}},"5":{"start":{"line":23,"column":4},"end":{"line":23,"column":52}},"6":{"start":{"line":23,"column":30},"end":{"line":23,"column":50}},"7":{"start":{"line":26,"column":34},"end":{"line":26,"column":74}},"8":{"start":{"line":26,"column":53},"end":{"line":26,"column":73}},"9":{"start":{"line":27,"column":4},"end":{"line":27,"column":43}},"10":{"start":{"line":27,"column":31},"end":{"line":27,"column":43}},"11":{"start":{"line":28,"column":20},"end":{"line":34,"column":5}},"12":{"start":{"line":35,"column":4},"end":{"line":35,"column":24}},"13":{"start":{"line":36,"column":4},"end":{"line":36,"column":18}}},"fnMap":{"0":{"name":"(anonymous_0)","decl":{"start":{"line":16,"column":15},"end":{"line":16,"column":16}},"loc":{"start":{"line":16,"column":21},"end":{"line":18,"column":3}},"line":16},"1":{"name":"(anonymous_1)","decl":{"start":{"line":19,"column":15},"end":{"line":19,"column":16}},"loc":{"start":{"line":19,"column":23},"end":{"line":21,"column":3}},"line":19},"2":{"name":"(anonymous_2)","decl":{"start":{"line":20,"column":22},"end":{"line":20,"column":23}},"loc":{"start":{"line":20,"column":32},"end":{"line":20,"column":46}},"line":20},"3":{"name":"(anonymous_3)","decl":{"start":{"line":22,"column":18},"end":{"line":22,"column":19}},"loc":{"start":{"line":22,"column":29},"end":{"line":24,"column":3}},"line":22},"4":{"name":"(anonymous_4)","decl":{"start":{"line":23,"column":22},"end":{"line":23,"column":23}},"loc":{"start":{"line":23,"column":30},"end":{"line":23,"column":50}},"line":23},"5":{"name":"(anonymous_5)","decl":{"start":{"line":25,"column":16},"end":{"line":25,"column":17}},"loc":{"start":{"line":25,"column":43},"end":{"line":37,"column":3}},"line":25},"6":{"name":"(anonymous_6)","decl":{"start":{"line":26,"column":45},"end":{"line":26,"column":46}},"loc":{"start":{"line":26,"column":53},"end":{"line":26,"column":73}},"line":26}},"branchMap":{"0":{"loc":{"start":{"line":27,"column":4},"end":{"line":27,"column":43}},"type":"if","locations":[{"start":{"line":27,"column":4},"end":{"line":27,"column":43}},{"start":{},"end":{}}],"line":27}},"s":{"0":1,"1":1,"2":3,"3":1,"4":1,"5":1,"6":2,"7":2,"8":3,"9":2,"10":1,"11":1,"12":1,"13":1},"f":{"0":3,"1":1,"2":1,"3":1,"4":2,"5":2,"6":3},"b":{"0":[1,1]},"_coverageSchema":"1a1c01bbd47fc00a2c39e90264f33305004495a9","hash":"364c10981dfbd60a7e56bb2f4a09200408dbc9a9"}
}
