TN:
SF:src\controllers\auth-controller.js
FN:4,(anonymous_0)
FN:12,(anonymous_1)
FN:42,(anonymous_2)
FN:72,(anonymous_3)
FNF:4
FNH:3
FNDA:8,(anonymous_0)
FNDA:5,(anonymous_1)
FNDA:5,(anonymous_2)
FNDA:0,(anonymous_3)
DA:1,1
DA:2,1
DA:4,1
DA:5,8
DA:6,8
DA:10,1
DA:13,5
DA:15,5
DA:20,1
DA:25,4
DA:26,1
DA:28,3
DA:29,1
DA:33,2
DA:34,2
DA:35,1
DA:37,1
DA:38,1
DA:43,5
DA:44,5
DA:45,1
DA:47,4
DA:48,1
DA:51,3
DA:53,3
DA:54,1
DA:57,2
DA:59,2
DA:60,1
DA:62,1
DA:64,1
DA:68,1
LF:32
LH:32
BRDA:15,0,0,1
BRDA:15,0,1,4
BRDA:16,1,0,5
BRDA:16,1,1,5
BRDA:16,1,2,5
BRDA:25,2,0,1
BRDA:25,2,1,3
BRDA:28,3,0,1
BRDA:28,3,1,2
BRDA:34,4,0,1
BRDA:34,4,1,1
BRDA:44,5,0,1
BRDA:44,5,1,4
BRDA:44,6,0,5
BRDA:44,6,1,5
BRDA:47,7,0,1
BRDA:47,7,1,3
BRDA:53,8,0,1
BRDA:53,8,1,2
BRDA:59,9,0,1
BRDA:59,9,1,1
BRF:21
BRH:21
end_of_record
TN:
SF:src\models\users-model.js
FN:10,(anonymous_0)
FN:12,(anonymous_1)
FN:12,(anonymous_2)
FN:14,(anonymous_3)
FN:14,(anonymous_4)
FN:16,(anonymous_5)
FNF:6
FNH:6
FNDA:1,(anonymous_0)
FNDA:1,(anonymous_1)
FNDA:1,(anonymous_2)
FNDA:1,(anonymous_3)
FNDA:1,(anonymous_4)
FNDA:1,(anonymous_5)
DA:1,2
DA:2,2
DA:4,2
DA:9,2
DA:10,1
DA:12,1
DA:14,1
DA:17,1
DA:23,1
DA:24,1
LF:10
LH:10
BRF:0
BRH:0
end_of_record
