TN:
SF:src\models\users.js
FN:18,(anonymous_0)
FN:24,(anonymous_1)
FN:27,(anonymous_2)
FN:28,(anonymous_3)
FN:30,(anonymous_4)
FN:31,(anonymous_5)
FN:46,(anonymous_6)
FN:59,(anonymous_7)
FNF:8
FNH:8
FNDA:4,(anonymous_0)
FNDA:3,(anonymous_1)
FNDA:1,(anonymous_2)
FNDA:1,(anonymous_3)
FNDA:1,(anonymous_4)
FNDA:2,(anonymous_5)
FNDA:7,(anonymous_6)
FNDA:3,(anonymous_7)
DA:1,1
DA:3,1
DA:18,1
DA:19,4
DA:20,4
DA:23,1
DA:25,3
DA:28,1
DA:31,2
DA:47,7
DA:48,3
DA:51,4
DA:52,1
DA:55,3
DA:56,1
DA:59,3
DA:60,2
DA:61,1
DA:68,1
DA:69,1
LF:20
LH:20
BRDA:47,0,0,3
BRDA:47,0,1,4
BRDA:47,1,0,7
BRDA:47,1,1,6
BRDA:47,1,2,5
BRDA:51,2,0,1
BRDA:51,2,1,3
BRDA:55,3,0,1
BRDA:55,3,1,2
BRDA:60,4,0,1
BRDA:60,4,1,1
BRF:11
BRH:11
end_of_record
